
**** 09/13/11 08:46:09 *********** Evaluation PSpice (Nov 1999) **************

 EECE 311 Laboratory Project #2


 ****     CIRCUIT DESCRIPTION


******************************************************************************



* run using: ngspice -b lab1.cir
* http://www.ecst.csuchico.edu/~hma/Lab2.311.pdf

VS1 10 0 DC 50V
VSENS 10 1 DC 0V
R1 1 2 6
R2 0 2 8
R3 2 3 2
R4 0 3 4
* current controlled current source
F1 2 3 VSENS 3
I1 0 3 DC 5

* sweep VS1 from 0 volts to 50 volts in 5 volt increments
.DC VS1 0V 50V 10V

.PRINT DC V(2) V(3)
*.PLOT DC V(1) V(2) V(3)
.PRINT DC I(VS1) I(F1) I(R1) I(R2) I(R3) I(R4)

*.PROBE
.END

**** 09/13/11 08:46:09 *********** Evaluation PSpice (Nov 1999) **************

 EECE 311 Laboratory Project #2


 ****     DC TRANSFER CURVES               TEMPERATURE =   27.000 DEG C


******************************************************************************



  VS1         V(2)        V(3)        

   0.000E+00   1.143E+01   6.667E+00
   1.000E+01   1.143E+01   1.333E+01
   2.000E+01   1.143E+01   2.000E+01
   3.000E+01   1.143E+01   2.667E+01
   4.000E+01   1.143E+01   3.333E+01
   5.000E+01   1.143E+01   4.000E+01



**** 09/13/11 08:46:09 *********** Evaluation PSpice (Nov 1999) **************

 EECE 311 Laboratory Project #2


 ****     DC TRANSFER CURVES               TEMPERATURE =   27.000 DEG C


******************************************************************************



  VS1         I(VS1)      I(F1)       I(R1)       I(R2)       I(R3)       

   0.000E+00   1.905E+00  -5.714E+00  -1.905E+00  -1.429E+00   2.381E+00
   1.000E+01   2.381E-01  -7.143E-01  -2.381E-01  -1.429E+00  -9.524E-01
   2.000E+01  -1.429E+00   4.286E+00   1.429E+00  -1.429E+00  -4.286E+00
   3.000E+01  -3.095E+00   9.286E+00   3.095E+00  -1.429E+00  -7.619E+00
   4.000E+01  -4.762E+00   1.429E+01   4.762E+00  -1.429E+00  -1.095E+01
   5.000E+01  -6.429E+00   1.929E+01   6.429E+00  -1.429E+00  -1.429E+01



**** 09/13/11 08:46:09 *********** Evaluation PSpice (Nov 1999) **************

 EECE 311 Laboratory Project #2


 ****     DC TRANSFER CURVES               TEMPERATURE =   27.000 DEG C


******************************************************************************



  VS1         I(R4)       

   0.000E+00  -1.667E+00
   1.000E+01  -3.333E+00
   2.000E+01  -5.000E+00
   3.000E+01  -6.667E+00
   4.000E+01  -8.333E+00
   5.000E+01  -1.000E+01




          JOB CONCLUDED

          TOTAL JOB TIME            0.00
